<?xml version="1.0" encoding="UTF-8"?>
<!-- Generated by org.testng.reporters.JUnitReportReporter -->
<testsuite skipped="1" hostname="LAPTOP-DGUP2R51" name="com.cucumber_comprensive_assessment.Runner.Runner" tests="10" failures="0" timestamp="26 Sep 2021 03:53:26 GMT" time="163.628" errors="0">
  <testcase name="runScenario" time="13.110" classname="com.cucumber_comprensive_assessment.Runner.Runner"/>
  <testcase name="runScenario" time="10.384" classname="com.cucumber_comprensive_assessment.Runner.Runner"/>
  <testcase name="runScenario" time="10.498" classname="com.cucumber_comprensive_assessment.Runner.Runner"/>
  <testcase name="runScenario" time="21.233" classname="com.cucumber_comprensive_assessment.Runner.Runner"/>
  <testcase name="runScenario" time="7.306" classname="com.cucumber_comprensive_assessment.Runner.Runner"/>
  <testcase name="runScenario" time="16.611" classname="com.cucumber_comprensive_assessment.Runner.Runner"/>
  <testcase name="runScenario" time="39.362" classname="com.cucumber_comprensive_assessment.Runner.Runner"/>
  <testcase name="runScenario" time="16.953" classname="com.cucumber_comprensive_assessment.Runner.Runner"/>
  <testcase name="runScenario" time="21.088" classname="com.cucumber_comprensive_assessment.Runner.Runner">
    <skipped/>
  </testcase> <!-- runScenario -->
  <testcase name="runScenario" time="7.083" classname="com.cucumber_comprensive_assessment.Runner.Runner"/>
</testsuite> <!-- com.cucumber_comprensive_assessment.Runner.Runner -->
