<?xml version="1.0" encoding="UTF-8"?>
<!-- Generated by org.testng.reporters.JUnitReportReporter -->
<testsuite skipped="0" hostname="LAPTOP-DGUP2R51" name="com.cucumber_comprensive_assessment.Runner.Runner" tests="10" failures="0" timestamp="26 Sep 2021 03:57:34 GMT" time="108.822" errors="0">
  <testcase name="runScenario" time="19.020" classname="com.cucumber_comprensive_assessment.Runner.Runner"/>
  <testcase name="runScenario" time="20.593" classname="com.cucumber_comprensive_assessment.Runner.Runner"/>
  <testcase name="runScenario" time="6.225" classname="com.cucumber_comprensive_assessment.Runner.Runner"/>
  <testcase name="runScenario" time="7.357" classname="com.cucumber_comprensive_assessment.Runner.Runner"/>
  <testcase name="runScenario" time="9.400" classname="com.cucumber_comprensive_assessment.Runner.Runner"/>
  <testcase name="runScenario" time="8.822" classname="com.cucumber_comprensive_assessment.Runner.Runner"/>
  <testcase name="runScenario" time="8.069" classname="com.cucumber_comprensive_assessment.Runner.Runner"/>
  <testcase name="runScenario" time="5.031" classname="com.cucumber_comprensive_assessment.Runner.Runner"/>
  <testcase name="runScenario" time="19.598" classname="com.cucumber_comprensive_assessment.Runner.Runner"/>
  <testcase name="runScenario" time="4.707" classname="com.cucumber_comprensive_assessment.Runner.Runner"/>
</testsuite> <!-- com.cucumber_comprensive_assessment.Runner.Runner -->
